Compiling the C compiler identification source file "CMakeCCompilerId.c" failed.
Compiler: /Library/Developer/CommandLineTools/usr/bin/cc 
Build flags: 
Id flags:  

The output was:
1
ld: library not found for -lSystem
clang: error: linker command failed with exit code 1 (use -v to see invocation)


Compiling the CXX compiler identification source file "CMakeCXXCompilerId.cpp" failed.
Compiler: /Library/Developer/CommandLineTools/usr/bin/c++ 
Build flags: 
Id flags:  

The output was:
1
ld: library not found for -lc++
clang: error: linker command failed with exit code 1 (use -v to see invocation)


Determining if files linux/input.h exist failed with the following output:
Change Dir: /Users/renato/Workspace/github/university/c/FlightSimulator/allegro-5.2.7.0/build/CMakeFiles/CMakeTmp

Run Build Command(s):/usr/bin/make -f Makefile cmTC_cb93b/fast && /Library/Developer/CommandLineTools/usr/bin/make  -f CMakeFiles/cmTC_cb93b.dir/build.make CMakeFiles/cmTC_cb93b.dir/build
Building C object CMakeFiles/cmTC_cb93b.dir/ALLEGRO_HAVE_LINUX_INPUT_H.c.o
/Library/Developer/CommandLineTools/usr/bin/cc   -fno-common -msse -W -Wall -Wpointer-arith -Wmissing-declarations -Wstrict-prototypes  -isysroot /Library/Developer/CommandLineTools/SDKs/MacOSX11.3.sdk -MD -MT CMakeFiles/cmTC_cb93b.dir/ALLEGRO_HAVE_LINUX_INPUT_H.c.o -MF CMakeFiles/cmTC_cb93b.dir/ALLEGRO_HAVE_LINUX_INPUT_H.c.o.d -o CMakeFiles/cmTC_cb93b.dir/ALLEGRO_HAVE_LINUX_INPUT_H.c.o -c /Users/renato/Workspace/github/university/c/FlightSimulator/allegro-5.2.7.0/build/CMakeFiles/CheckIncludeFiles/ALLEGRO_HAVE_LINUX_INPUT_H.c
/Users/renato/Workspace/github/university/c/FlightSimulator/allegro-5.2.7.0/build/CMakeFiles/CheckIncludeFiles/ALLEGRO_HAVE_LINUX_INPUT_H.c:2:10: fatal error: 'linux/input.h' file not found
#include <linux/input.h>
         ^~~~~~~~~~~~~~~
1 error generated.
make[1]: *** [CMakeFiles/cmTC_cb93b.dir/ALLEGRO_HAVE_LINUX_INPUT_H.c.o] Error 1
make: *** [cmTC_cb93b/fast] Error 2


Source:
/* */
#include <linux/input.h>


int main(void){return 0;}

Determining if files sys/io.h exist failed with the following output:
Change Dir: /Users/renato/Workspace/github/university/c/FlightSimulator/allegro-5.2.7.0/build/CMakeFiles/CMakeTmp

Run Build Command(s):/usr/bin/make -f Makefile cmTC_36e32/fast && /Library/Developer/CommandLineTools/usr/bin/make  -f CMakeFiles/cmTC_36e32.dir/build.make CMakeFiles/cmTC_36e32.dir/build
Building C object CMakeFiles/cmTC_36e32.dir/ALLEGRO_HAVE_SYS_IO_H.c.o
/Library/Developer/CommandLineTools/usr/bin/cc   -fno-common -msse -W -Wall -Wpointer-arith -Wmissing-declarations -Wstrict-prototypes  -isysroot /Library/Developer/CommandLineTools/SDKs/MacOSX11.3.sdk -MD -MT CMakeFiles/cmTC_36e32.dir/ALLEGRO_HAVE_SYS_IO_H.c.o -MF CMakeFiles/cmTC_36e32.dir/ALLEGRO_HAVE_SYS_IO_H.c.o.d -o CMakeFiles/cmTC_36e32.dir/ALLEGRO_HAVE_SYS_IO_H.c.o -c /Users/renato/Workspace/github/university/c/FlightSimulator/allegro-5.2.7.0/build/CMakeFiles/CheckIncludeFiles/ALLEGRO_HAVE_SYS_IO_H.c
/Users/renato/Workspace/github/university/c/FlightSimulator/allegro-5.2.7.0/build/CMakeFiles/CheckIncludeFiles/ALLEGRO_HAVE_SYS_IO_H.c:2:10: fatal error: 'sys/io.h' file not found
#include <sys/io.h>
         ^~~~~~~~~~
1 error generated.
make[1]: *** [CMakeFiles/cmTC_36e32.dir/ALLEGRO_HAVE_SYS_IO_H.c.o] Error 1
make: *** [cmTC_36e32/fast] Error 2


Source:
/* */
#include <sys/io.h>


int main(void){return 0;}

Determining if files soundcard.h exist failed with the following output:
Change Dir: /Users/renato/Workspace/github/university/c/FlightSimulator/allegro-5.2.7.0/build/CMakeFiles/CMakeTmp

Run Build Command(s):/usr/bin/make -f Makefile cmTC_c37c1/fast && /Library/Developer/CommandLineTools/usr/bin/make  -f CMakeFiles/cmTC_c37c1.dir/build.make CMakeFiles/cmTC_c37c1.dir/build
Building C object CMakeFiles/cmTC_c37c1.dir/ALLEGRO_HAVE_SOUNDCARD_H.c.o
/Library/Developer/CommandLineTools/usr/bin/cc   -fno-common -msse -W -Wall -Wpointer-arith -Wmissing-declarations -Wstrict-prototypes  -isysroot /Library/Developer/CommandLineTools/SDKs/MacOSX11.3.sdk -MD -MT CMakeFiles/cmTC_c37c1.dir/ALLEGRO_HAVE_SOUNDCARD_H.c.o -MF CMakeFiles/cmTC_c37c1.dir/ALLEGRO_HAVE_SOUNDCARD_H.c.o.d -o CMakeFiles/cmTC_c37c1.dir/ALLEGRO_HAVE_SOUNDCARD_H.c.o -c /Users/renato/Workspace/github/university/c/FlightSimulator/allegro-5.2.7.0/build/CMakeFiles/CheckIncludeFiles/ALLEGRO_HAVE_SOUNDCARD_H.c
/Users/renato/Workspace/github/university/c/FlightSimulator/allegro-5.2.7.0/build/CMakeFiles/CheckIncludeFiles/ALLEGRO_HAVE_SOUNDCARD_H.c:2:10: fatal error: 'soundcard.h' file not found
#include <soundcard.h>
         ^~~~~~~~~~~~~
1 error generated.
make[1]: *** [CMakeFiles/cmTC_c37c1.dir/ALLEGRO_HAVE_SOUNDCARD_H.c.o] Error 1
make: *** [cmTC_c37c1/fast] Error 2


Source:
/* */
#include <soundcard.h>


int main(void){return 0;}

Determining if files sys/soundcard.h exist failed with the following output:
Change Dir: /Users/renato/Workspace/github/university/c/FlightSimulator/allegro-5.2.7.0/build/CMakeFiles/CMakeTmp

Run Build Command(s):/usr/bin/make -f Makefile cmTC_64289/fast && /Library/Developer/CommandLineTools/usr/bin/make  -f CMakeFiles/cmTC_64289.dir/build.make CMakeFiles/cmTC_64289.dir/build
Building C object CMakeFiles/cmTC_64289.dir/ALLEGRO_HAVE_SYS_SOUNDCARD_H.c.o
/Library/Developer/CommandLineTools/usr/bin/cc   -fno-common -msse -W -Wall -Wpointer-arith -Wmissing-declarations -Wstrict-prototypes  -isysroot /Library/Developer/CommandLineTools/SDKs/MacOSX11.3.sdk -MD -MT CMakeFiles/cmTC_64289.dir/ALLEGRO_HAVE_SYS_SOUNDCARD_H.c.o -MF CMakeFiles/cmTC_64289.dir/ALLEGRO_HAVE_SYS_SOUNDCARD_H.c.o.d -o CMakeFiles/cmTC_64289.dir/ALLEGRO_HAVE_SYS_SOUNDCARD_H.c.o -c /Users/renato/Workspace/github/university/c/FlightSimulator/allegro-5.2.7.0/build/CMakeFiles/CheckIncludeFiles/ALLEGRO_HAVE_SYS_SOUNDCARD_H.c
/Users/renato/Workspace/github/university/c/FlightSimulator/allegro-5.2.7.0/build/CMakeFiles/CheckIncludeFiles/ALLEGRO_HAVE_SYS_SOUNDCARD_H.c:2:10: fatal error: 'sys/soundcard.h' file not found
#include <sys/soundcard.h>
         ^~~~~~~~~~~~~~~~~
1 error generated.
make[1]: *** [CMakeFiles/cmTC_64289.dir/ALLEGRO_HAVE_SYS_SOUNDCARD_H.c.o] Error 1
make: *** [cmTC_64289/fast] Error 2


Source:
/* */
#include <sys/soundcard.h>


int main(void){return 0;}

Determining if files machine/soundcard.h exist failed with the following output:
Change Dir: /Users/renato/Workspace/github/university/c/FlightSimulator/allegro-5.2.7.0/build/CMakeFiles/CMakeTmp

Run Build Command(s):/usr/bin/make -f Makefile cmTC_fa732/fast && /Library/Developer/CommandLineTools/usr/bin/make  -f CMakeFiles/cmTC_fa732.dir/build.make CMakeFiles/cmTC_fa732.dir/build
Building C object CMakeFiles/cmTC_fa732.dir/ALLEGRO_HAVE_MACHINE_SOUNDCARD_H.c.o
/Library/Developer/CommandLineTools/usr/bin/cc   -fno-common -msse -W -Wall -Wpointer-arith -Wmissing-declarations -Wstrict-prototypes  -isysroot /Library/Developer/CommandLineTools/SDKs/MacOSX11.3.sdk -MD -MT CMakeFiles/cmTC_fa732.dir/ALLEGRO_HAVE_MACHINE_SOUNDCARD_H.c.o -MF CMakeFiles/cmTC_fa732.dir/ALLEGRO_HAVE_MACHINE_SOUNDCARD_H.c.o.d -o CMakeFiles/cmTC_fa732.dir/ALLEGRO_HAVE_MACHINE_SOUNDCARD_H.c.o -c /Users/renato/Workspace/github/university/c/FlightSimulator/allegro-5.2.7.0/build/CMakeFiles/CheckIncludeFiles/ALLEGRO_HAVE_MACHINE_SOUNDCARD_H.c
/Users/renato/Workspace/github/university/c/FlightSimulator/allegro-5.2.7.0/build/CMakeFiles/CheckIncludeFiles/ALLEGRO_HAVE_MACHINE_SOUNDCARD_H.c:2:10: fatal error: 'machine/soundcard.h' file not found
#include <machine/soundcard.h>
         ^~~~~~~~~~~~~~~~~~~~~
1 error generated.
make[1]: *** [CMakeFiles/cmTC_fa732.dir/ALLEGRO_HAVE_MACHINE_SOUNDCARD_H.c.o] Error 1
make: *** [cmTC_fa732/fast] Error 2


Source:
/* */
#include <machine/soundcard.h>


int main(void){return 0;}

Determining if files linux/soundcard.h exist failed with the following output:
Change Dir: /Users/renato/Workspace/github/university/c/FlightSimulator/allegro-5.2.7.0/build/CMakeFiles/CMakeTmp

Run Build Command(s):/usr/bin/make -f Makefile cmTC_c466d/fast && /Library/Developer/CommandLineTools/usr/bin/make  -f CMakeFiles/cmTC_c466d.dir/build.make CMakeFiles/cmTC_c466d.dir/build
Building C object CMakeFiles/cmTC_c466d.dir/ALLEGRO_HAVE_LINUX_SOUNDCARD_H.c.o
/Library/Developer/CommandLineTools/usr/bin/cc   -fno-common -msse -W -Wall -Wpointer-arith -Wmissing-declarations -Wstrict-prototypes  -isysroot /Library/Developer/CommandLineTools/SDKs/MacOSX11.3.sdk -MD -MT CMakeFiles/cmTC_c466d.dir/ALLEGRO_HAVE_LINUX_SOUNDCARD_H.c.o -MF CMakeFiles/cmTC_c466d.dir/ALLEGRO_HAVE_LINUX_SOUNDCARD_H.c.o.d -o CMakeFiles/cmTC_c466d.dir/ALLEGRO_HAVE_LINUX_SOUNDCARD_H.c.o -c /Users/renato/Workspace/github/university/c/FlightSimulator/allegro-5.2.7.0/build/CMakeFiles/CheckIncludeFiles/ALLEGRO_HAVE_LINUX_SOUNDCARD_H.c
/Users/renato/Workspace/github/university/c/FlightSimulator/allegro-5.2.7.0/build/CMakeFiles/CheckIncludeFiles/ALLEGRO_HAVE_LINUX_SOUNDCARD_H.c:2:10: fatal error: 'linux/soundcard.h' file not found
#include <linux/soundcard.h>
         ^~~~~~~~~~~~~~~~~~~
1 error generated.
make[1]: *** [CMakeFiles/cmTC_c466d.dir/ALLEGRO_HAVE_LINUX_SOUNDCARD_H.c.o] Error 1
make: *** [cmTC_c466d/fast] Error 2


Source:
/* */
#include <linux/soundcard.h>


int main(void){return 0;}

Determining if files sys/inotify.h exist failed with the following output:
Change Dir: /Users/renato/Workspace/github/university/c/FlightSimulator/allegro-5.2.7.0/build/CMakeFiles/CMakeTmp

Run Build Command(s):/usr/bin/make -f Makefile cmTC_25fed/fast && /Library/Developer/CommandLineTools/usr/bin/make  -f CMakeFiles/cmTC_25fed.dir/build.make CMakeFiles/cmTC_25fed.dir/build
Building C object CMakeFiles/cmTC_25fed.dir/ALLEGRO_HAVE_SYS_INOTIFY_H.c.o
/Library/Developer/CommandLineTools/usr/bin/cc   -fno-common -msse -W -Wall -Wpointer-arith -Wmissing-declarations -Wstrict-prototypes  -isysroot /Library/Developer/CommandLineTools/SDKs/MacOSX11.3.sdk -MD -MT CMakeFiles/cmTC_25fed.dir/ALLEGRO_HAVE_SYS_INOTIFY_H.c.o -MF CMakeFiles/cmTC_25fed.dir/ALLEGRO_HAVE_SYS_INOTIFY_H.c.o.d -o CMakeFiles/cmTC_25fed.dir/ALLEGRO_HAVE_SYS_INOTIFY_H.c.o -c /Users/renato/Workspace/github/university/c/FlightSimulator/allegro-5.2.7.0/build/CMakeFiles/CheckIncludeFiles/ALLEGRO_HAVE_SYS_INOTIFY_H.c
/Users/renato/Workspace/github/university/c/FlightSimulator/allegro-5.2.7.0/build/CMakeFiles/CheckIncludeFiles/ALLEGRO_HAVE_SYS_INOTIFY_H.c:2:10: fatal error: 'sys/inotify.h' file not found
#include <sys/inotify.h>
         ^~~~~~~~~~~~~~~
1 error generated.
make[1]: *** [CMakeFiles/cmTC_25fed.dir/ALLEGRO_HAVE_SYS_INOTIFY_H.c.o] Error 1
make: *** [cmTC_25fed/fast] Error 2


Source:
/* */
#include <sys/inotify.h>


int main(void){return 0;}

Determining if files sal.h exist failed with the following output:
Change Dir: /Users/renato/Workspace/github/university/c/FlightSimulator/allegro-5.2.7.0/build/CMakeFiles/CMakeTmp

Run Build Command(s):/usr/bin/make -f Makefile cmTC_353ff/fast && /Library/Developer/CommandLineTools/usr/bin/make  -f CMakeFiles/cmTC_353ff.dir/build.make CMakeFiles/cmTC_353ff.dir/build
Building C object CMakeFiles/cmTC_353ff.dir/ALLEGRO_HAVE_SAL_H.c.o
/Library/Developer/CommandLineTools/usr/bin/cc   -fno-common -msse -W -Wall -Wpointer-arith -Wmissing-declarations -Wstrict-prototypes  -isysroot /Library/Developer/CommandLineTools/SDKs/MacOSX11.3.sdk -MD -MT CMakeFiles/cmTC_353ff.dir/ALLEGRO_HAVE_SAL_H.c.o -MF CMakeFiles/cmTC_353ff.dir/ALLEGRO_HAVE_SAL_H.c.o.d -o CMakeFiles/cmTC_353ff.dir/ALLEGRO_HAVE_SAL_H.c.o -c /Users/renato/Workspace/github/university/c/FlightSimulator/allegro-5.2.7.0/build/CMakeFiles/CheckIncludeFiles/ALLEGRO_HAVE_SAL_H.c
/Users/renato/Workspace/github/university/c/FlightSimulator/allegro-5.2.7.0/build/CMakeFiles/CheckIncludeFiles/ALLEGRO_HAVE_SAL_H.c:2:10: fatal error: 'sal.h' file not found
#include <sal.h>
         ^~~~~~~
1 error generated.
make[1]: *** [CMakeFiles/cmTC_353ff.dir/ALLEGRO_HAVE_SAL_H.c.o] Error 1
make: *** [cmTC_353ff/fast] Error 2


Source:
/* */
#include <sal.h>


int main(void){return 0;}

Determining if the function getexecname exists failed with the following output:
Change Dir: /Users/renato/Workspace/github/university/c/FlightSimulator/allegro-5.2.7.0/build/CMakeFiles/CMakeTmp

Run Build Command(s):/usr/bin/make -f Makefile cmTC_4e8a0/fast && /Library/Developer/CommandLineTools/usr/bin/make  -f CMakeFiles/cmTC_4e8a0.dir/build.make CMakeFiles/cmTC_4e8a0.dir/build
Building C object CMakeFiles/cmTC_4e8a0.dir/CheckFunctionExists.c.o
/Library/Developer/CommandLineTools/usr/bin/cc   -fno-common -msse -W -Wall -Wpointer-arith -Wmissing-declarations -Wstrict-prototypes -DCHECK_FUNCTION_EXISTS=getexecname -isysroot /Library/Developer/CommandLineTools/SDKs/MacOSX11.3.sdk -MD -MT CMakeFiles/cmTC_4e8a0.dir/CheckFunctionExists.c.o -MF CMakeFiles/cmTC_4e8a0.dir/CheckFunctionExists.c.o.d -o CMakeFiles/cmTC_4e8a0.dir/CheckFunctionExists.c.o -c /usr/local/Cellar/cmake/3.21.2/share/cmake/Modules/CheckFunctionExists.c
Linking C executable cmTC_4e8a0
/usr/local/Cellar/cmake/3.21.2/bin/cmake -E cmake_link_script CMakeFiles/cmTC_4e8a0.dir/link.txt --verbose=1
/Library/Developer/CommandLineTools/usr/bin/cc  -fno-common -msse -W -Wall -Wpointer-arith -Wmissing-declarations -Wstrict-prototypes -DCHECK_FUNCTION_EXISTS=getexecname -isysroot /Library/Developer/CommandLineTools/SDKs/MacOSX11.3.sdk -Wl,-search_paths_first -Wl,-headerpad_max_install_names CMakeFiles/cmTC_4e8a0.dir/CheckFunctionExists.c.o -o cmTC_4e8a0 
Undefined symbols for architecture x86_64:
  "_getexecname", referenced from:
      _main in CheckFunctionExists.c.o
ld: symbol(s) not found for architecture x86_64
clang: error: linker command failed with exit code 1 (use -v to see invocation)
make[1]: *** [cmTC_4e8a0] Error 1
make: *** [cmTC_4e8a0/fast] Error 2



Determining if the function strerror_s exists failed with the following output:
Change Dir: /Users/renato/Workspace/github/university/c/FlightSimulator/allegro-5.2.7.0/build/CMakeFiles/CMakeTmp

Run Build Command(s):/usr/bin/make -f Makefile cmTC_f6238/fast && /Library/Developer/CommandLineTools/usr/bin/make  -f CMakeFiles/cmTC_f6238.dir/build.make CMakeFiles/cmTC_f6238.dir/build
Building C object CMakeFiles/cmTC_f6238.dir/CheckFunctionExists.c.o
/Library/Developer/CommandLineTools/usr/bin/cc   -fno-common -msse -W -Wall -Wpointer-arith -Wmissing-declarations -Wstrict-prototypes -DCHECK_FUNCTION_EXISTS=strerror_s -isysroot /Library/Developer/CommandLineTools/SDKs/MacOSX11.3.sdk -MD -MT CMakeFiles/cmTC_f6238.dir/CheckFunctionExists.c.o -MF CMakeFiles/cmTC_f6238.dir/CheckFunctionExists.c.o.d -o CMakeFiles/cmTC_f6238.dir/CheckFunctionExists.c.o -c /usr/local/Cellar/cmake/3.21.2/share/cmake/Modules/CheckFunctionExists.c
Linking C executable cmTC_f6238
/usr/local/Cellar/cmake/3.21.2/bin/cmake -E cmake_link_script CMakeFiles/cmTC_f6238.dir/link.txt --verbose=1
/Library/Developer/CommandLineTools/usr/bin/cc  -fno-common -msse -W -Wall -Wpointer-arith -Wmissing-declarations -Wstrict-prototypes -DCHECK_FUNCTION_EXISTS=strerror_s -isysroot /Library/Developer/CommandLineTools/SDKs/MacOSX11.3.sdk -Wl,-search_paths_first -Wl,-headerpad_max_install_names CMakeFiles/cmTC_f6238.dir/CheckFunctionExists.c.o -o cmTC_f6238 
Undefined symbols for architecture x86_64:
  "_strerror_s", referenced from:
      _main in CheckFunctionExists.c.o
ld: symbol(s) not found for architecture x86_64
clang: error: linker command failed with exit code 1 (use -v to see invocation)
make[1]: *** [cmTC_f6238] Error 1
make: *** [cmTC_f6238/fast] Error 2



Performing C SOURCE FILE Test ALLEGRO_HAVE_PROCFS_ARGCV failed with the following output:
Change Dir: /Users/renato/Workspace/github/university/c/FlightSimulator/allegro-5.2.7.0/build/CMakeFiles/CMakeTmp

Run Build Command(s):/usr/bin/make -f Makefile cmTC_7eb48/fast && /Library/Developer/CommandLineTools/usr/bin/make  -f CMakeFiles/cmTC_7eb48.dir/build.make CMakeFiles/cmTC_7eb48.dir/build
Building C object CMakeFiles/cmTC_7eb48.dir/src.c.o
/Library/Developer/CommandLineTools/usr/bin/cc -DALLEGRO_HAVE_PROCFS_ARGCV  -fno-common -msse -W -Wall -Wpointer-arith -Wmissing-declarations -Wstrict-prototypes  -isysroot /Library/Developer/CommandLineTools/SDKs/MacOSX11.3.sdk -MD -MT CMakeFiles/cmTC_7eb48.dir/src.c.o -MF CMakeFiles/cmTC_7eb48.dir/src.c.o.d -o CMakeFiles/cmTC_7eb48.dir/src.c.o -c /Users/renato/Workspace/github/university/c/FlightSimulator/allegro-5.2.7.0/build/CMakeFiles/CMakeTmp/src.c
/Users/renato/Workspace/github/university/c/FlightSimulator/allegro-5.2.7.0/build/CMakeFiles/CMakeTmp/src.c:2:14: fatal error: 'sys/procfs.h' file not found
    #include <sys/procfs.h>
             ^~~~~~~~~~~~~~
1 error generated.
make[1]: *** [CMakeFiles/cmTC_7eb48.dir/src.c.o] Error 1
make: *** [cmTC_7eb48/fast] Error 2


Source file was:

    #include <sys/procfs.h>
    int main(void) {
        struct prpsinfo psinfo;
        psinfo.pr_argc = 0;
        return 0;
    }
Performing C SOURCE FILE Test ALLEGRO_HAVE_SV_PROCFS_H failed with the following output:
Change Dir: /Users/renato/Workspace/github/university/c/FlightSimulator/allegro-5.2.7.0/build/CMakeFiles/CMakeTmp

Run Build Command(s):/usr/bin/make -f Makefile cmTC_08662/fast && /Library/Developer/CommandLineTools/usr/bin/make  -f CMakeFiles/cmTC_08662.dir/build.make CMakeFiles/cmTC_08662.dir/build
Building C object CMakeFiles/cmTC_08662.dir/src.c.o
/Library/Developer/CommandLineTools/usr/bin/cc -DALLEGRO_HAVE_SV_PROCFS_H  -fno-common -msse -W -Wall -Wpointer-arith -Wmissing-declarations -Wstrict-prototypes  -isysroot /Library/Developer/CommandLineTools/SDKs/MacOSX11.3.sdk -MD -MT CMakeFiles/cmTC_08662.dir/src.c.o -MF CMakeFiles/cmTC_08662.dir/src.c.o.d -o CMakeFiles/cmTC_08662.dir/src.c.o -c /Users/renato/Workspace/github/university/c/FlightSimulator/allegro-5.2.7.0/build/CMakeFiles/CMakeTmp/src.c
/Users/renato/Workspace/github/university/c/FlightSimulator/allegro-5.2.7.0/build/CMakeFiles/CMakeTmp/src.c:2:14: fatal error: 'sys/procfs.h' file not found
    #include <sys/procfs.h>
             ^~~~~~~~~~~~~~
1 error generated.
make[1]: *** [CMakeFiles/cmTC_08662.dir/src.c.o] Error 1
make: *** [cmTC_08662/fast] Error 2


Source file was:

    #include <sys/procfs.h>
    #include <sys/ioctl.h>
    int main(void) {
        struct prpsinfo psinfo;
        ioctl(0, PIOCPSINFO, &psinfo);
        return 0;
    }
